#! /opt/homebrew/Cellar/icarus-verilog/12.0/bin/vvp
:ivl_version "12.0 (stable)";
:ivl_delay_selection "TYPICAL";
:vpi_time_precision + 0;
:vpi_module "/opt/homebrew/Cellar/icarus-verilog/12.0/lib/ivl/system.vpi";
:vpi_module "/opt/homebrew/Cellar/icarus-verilog/12.0/lib/ivl/vhdl_sys.vpi";
:vpi_module "/opt/homebrew/Cellar/icarus-verilog/12.0/lib/ivl/vhdl_textio.vpi";
:vpi_module "/opt/homebrew/Cellar/icarus-verilog/12.0/lib/ivl/v2005_math.vpi";
:vpi_module "/opt/homebrew/Cellar/icarus-verilog/12.0/lib/ivl/va_math.vpi";
S_0x124e07760 .scope module, "counter" "counter" 2 1;
 .timescale 0 0;
    .port_info 0 /INPUT 1 "clk";
    .port_info 1 /INPUT 1 "rst";
    .port_info 2 /INPUT 1 "en";
    .port_info 3 /OUTPUT 5 "count";
o0x128040010 .functor BUFZ 1, C4<z>; HiZ drive
v0x124e0a310_0 .net "clk", 0 0, o0x128040010;  0 drivers
v0x124e1a2f0_0 .var "count", 4 0;
o0x128040070 .functor BUFZ 1, C4<z>; HiZ drive
v0x124e1a390_0 .net "en", 0 0, o0x128040070;  0 drivers
o0x1280400a0 .functor BUFZ 1, C4<z>; HiZ drive
v0x124e1a440_0 .net "rst", 0 0, o0x1280400a0;  0 drivers
E_0x124e07f30 .event posedge, v0x124e0a310_0;
    .scope S_0x124e07760;
T_0 ;
    %wait E_0x124e07f30;
    %load/vec4 v0x124e1a440_0;
    %flag_set/vec4 8;
    %jmp/0xz  T_0.0, 8;
    %pushi/vec4 0, 0, 5;
    %assign/vec4 v0x124e1a2f0_0, 0;
    %jmp T_0.1;
T_0.0 ;
    %load/vec4 v0x124e1a390_0;
    %flag_set/vec4 8;
    %jmp/0xz  T_0.2, 8;
    %load/vec4 v0x124e1a2f0_0;
    %addi 1, 0, 5;
    %assign/vec4 v0x124e1a2f0_0, 0;
    %vpi_call 2 11 "$display", "count = %b", v0x124e1a2f0_0 {0 0 0};
T_0.2 ;
T_0.1 ;
    %jmp T_0;
    .thread T_0;
# The file index is used to find the file name in the following table.
:file_names 3;
    "N/A";
    "<interactive>";
    "counter.v";
