#! /opt/homebrew/Cellar/icarus-verilog/12.0/bin/vvp
:ivl_version "12.0 (stable)";
:ivl_delay_selection "TYPICAL";
:vpi_time_precision - 12;
:vpi_module "/opt/homebrew/Cellar/icarus-verilog/12.0/lib/ivl/system.vpi";
:vpi_module "/opt/homebrew/Cellar/icarus-verilog/12.0/lib/ivl/vhdl_sys.vpi";
:vpi_module "/opt/homebrew/Cellar/icarus-verilog/12.0/lib/ivl/vhdl_textio.vpi";
:vpi_module "/opt/homebrew/Cellar/icarus-verilog/12.0/lib/ivl/v2005_math.vpi";
:vpi_module "/opt/homebrew/Cellar/icarus-verilog/12.0/lib/ivl/va_math.vpi";
S_0x117e068a0 .scope module, "counter_tb" "counter_tb" 2 4;
 .timescale -9 -12;
v0x117e1b0f0_0 .var "clk", 0 0;
v0x117e1b190_0 .net "counter_out", 4 0, v0x117e1ae90_0;  1 drivers
v0x117e1b240_0 .var "enable", 0 0;
v0x117e1b310_0 .var "reset", 0 0;
S_0x117e04ef0 .scope module, "c1" "counter" 2 11, 3 1 0, S_0x117e068a0;
 .timescale -9 -12;
    .port_info 0 /INPUT 1 "clk";
    .port_info 1 /INPUT 1 "rst";
    .port_info 2 /INPUT 1 "en";
    .port_info 3 /OUTPUT 5 "count";
v0x117e0b2c0_0 .net "clk", 0 0, v0x117e1b0f0_0;  1 drivers
v0x117e1ae90_0 .var "count", 4 0;
v0x117e1af40_0 .net "en", 0 0, v0x117e1b240_0;  1 drivers
v0x117e1aff0_0 .net "rst", 0 0, v0x117e1b310_0;  1 drivers
E_0x117e072e0 .event posedge, v0x117e0b2c0_0;
    .scope S_0x117e04ef0;
T_0 ;
    %wait E_0x117e072e0;
    %load/vec4 v0x117e1aff0_0;
    %flag_set/vec4 8;
    %jmp/0xz  T_0.0, 8;
    %pushi/vec4 0, 0, 5;
    %assign/vec4 v0x117e1ae90_0, 0;
    %jmp T_0.1;
T_0.0 ;
    %load/vec4 v0x117e1af40_0;
    %flag_set/vec4 8;
    %jmp/0xz  T_0.2, 8;
    %load/vec4 v0x117e1ae90_0;
    %addi 1, 0, 5;
    %assign/vec4 v0x117e1ae90_0, 0;
    %vpi_call 3 11 "$display", "count = %b", v0x117e1ae90_0 {0 0 0};
T_0.2 ;
T_0.1 ;
    %jmp T_0;
    .thread T_0;
    .scope S_0x117e068a0;
T_1 ;
    %vpi_call 2 18 "$dumpfile", "wave.vcd" {0 0 0};
    %vpi_call 2 19 "$dumpvars", 32'sb00000000000000000000000000000000, S_0x117e068a0 {0 0 0};
    %end;
    .thread T_1;
    .scope S_0x117e068a0;
T_2 ;
    %pushi/vec4 0, 0, 1;
    %store/vec4 v0x117e1b0f0_0, 0, 1;
    %pushi/vec4 1, 0, 1;
    %store/vec4 v0x117e1b310_0, 0, 1;
    %pushi/vec4 1, 0, 1;
    %store/vec4 v0x117e1b240_0, 0, 1;
    %pushi/vec4 1, 0, 1;
    %store/vec4 v0x117e1b0f0_0, 0, 1;
    %delay 10000, 0;
    %pushi/vec4 0, 0, 1;
    %store/vec4 v0x117e1b310_0, 0, 1;
    %end;
    .thread T_2;
    .scope S_0x117e068a0;
T_3 ;
    %delay 5000, 0;
    %load/vec4 v0x117e1b0f0_0;
    %inv;
    %store/vec4 v0x117e1b0f0_0, 0, 1;
    %jmp T_3;
    .thread T_3;
    .scope S_0x117e068a0;
T_4 ;
    %delay 2000000, 0;
    %vpi_call 2 37 "$finish" {0 0 0};
    %end;
    .thread T_4;
# The file index is used to find the file name in the following table.
:file_names 4;
    "N/A";
    "<interactive>";
    "counter_tb.v";
    "./counter.v";
