#! /opt/homebrew/Cellar/icarus-verilog/12.0/bin/vvp
:ivl_version "12.0 (stable)";
:ivl_delay_selection "TYPICAL";
:vpi_time_precision + 0;
:vpi_module "/opt/homebrew/Cellar/icarus-verilog/12.0/lib/ivl/system.vpi";
:vpi_module "/opt/homebrew/Cellar/icarus-verilog/12.0/lib/ivl/vhdl_sys.vpi";
:vpi_module "/opt/homebrew/Cellar/icarus-verilog/12.0/lib/ivl/vhdl_textio.vpi";
:vpi_module "/opt/homebrew/Cellar/icarus-verilog/12.0/lib/ivl/v2005_math.vpi";
:vpi_module "/opt/homebrew/Cellar/icarus-verilog/12.0/lib/ivl/va_math.vpi";
S_0x1532088d0 .scope module, "alu" "alu" 2 3;
 .timescale 0 0;
    .port_info 0 /INPUT 32 "A";
    .port_info 1 /INPUT 32 "B";
    .port_info 2 /INPUT 4 "ALUOp";
    .port_info 3 /OUTPUT 32 "C";
    .port_info 4 /OUTPUT 1 "Zero";
o0x158018010 .functor BUFZ 32, C4<zzzzzzzzzzzzzzzzzzzzzzzzzzzzzzzz>; HiZ drive
v0x153208ac0_0 .net/s "A", 31 0, o0x158018010;  0 drivers
o0x158018040 .functor BUFZ 4, C4<zzzz>; HiZ drive
v0x153218960_0 .net "ALUOp", 3 0, o0x158018040;  0 drivers
o0x158018070 .functor BUFZ 32, C4<zzzzzzzzzzzzzzzzzzzzzzzzzzzzzzzz>; HiZ drive
v0x153218a10_0 .net/s "B", 31 0, o0x158018070;  0 drivers
v0x153218ad0_0 .var/s "C", 31 0;
v0x153218b80_0 .net "Zero", 0 0, L_0x153218d90;  1 drivers
L_0x158050010 .functor BUFT 1, C4<00000000000000000000000000000000>, C4<0>, C4<0>, C4<0>;
v0x153218c60_0 .net/2u *"_ivl_0", 31 0, L_0x158050010;  1 drivers
E_0x153205b90 .event anyedge, v0x153218960_0, v0x153208ac0_0, v0x153218a10_0;
L_0x153218d90 .cmp/eq 32, v0x153218ad0_0, L_0x158050010;
    .scope S_0x1532088d0;
T_0 ;
    %wait E_0x153205b90;
    %load/vec4 v0x153218960_0;
    %dup/vec4;
    %pushi/vec4 0, 0, 4;
    %cmp/u;
    %jmp/1 T_0.0, 6;
    %dup/vec4;
    %pushi/vec4 1, 0, 4;
    %cmp/u;
    %jmp/1 T_0.1, 6;
    %dup/vec4;
    %pushi/vec4 2, 0, 4;
    %cmp/u;
    %jmp/1 T_0.2, 6;
    %dup/vec4;
    %pushi/vec4 3, 0, 4;
    %cmp/u;
    %jmp/1 T_0.3, 6;
    %dup/vec4;
    %pushi/vec4 4, 0, 4;
    %cmp/u;
    %jmp/1 T_0.4, 6;
    %dup/vec4;
    %pushi/vec4 5, 0, 4;
    %cmp/u;
    %jmp/1 T_0.5, 6;
    %dup/vec4;
    %pushi/vec4 6, 0, 4;
    %cmp/u;
    %jmp/1 T_0.6, 6;
    %dup/vec4;
    %pushi/vec4 7, 0, 4;
    %cmp/u;
    %jmp/1 T_0.7, 6;
    %dup/vec4;
    %pushi/vec4 8, 0, 4;
    %cmp/u;
    %jmp/1 T_0.8, 6;
    %dup/vec4;
    %pushi/vec4 9, 0, 4;
    %cmp/u;
    %jmp/1 T_0.9, 6;
    %dup/vec4;
    %pushi/vec4 10, 0, 4;
    %cmp/u;
    %jmp/1 T_0.10, 6;
    %dup/vec4;
    %pushi/vec4 11, 0, 4;
    %cmp/u;
    %jmp/1 T_0.11, 6;
    %dup/vec4;
    %pushi/vec4 12, 0, 4;
    %cmp/u;
    %jmp/1 T_0.12, 6;
    %dup/vec4;
    %pushi/vec4 13, 0, 4;
    %cmp/u;
    %jmp/1 T_0.13, 6;
    %dup/vec4;
    %pushi/vec4 14, 0, 4;
    %cmp/u;
    %jmp/1 T_0.14, 6;
    %dup/vec4;
    %pushi/vec4 15, 0, 4;
    %cmp/u;
    %jmp/1 T_0.15, 6;
    %load/vec4 v0x153208ac0_0;
    %store/vec4 v0x153218ad0_0, 0, 32;
    %jmp T_0.17;
T_0.0 ;
    %load/vec4 v0x153208ac0_0;
    %store/vec4 v0x153218ad0_0, 0, 32;
    %jmp T_0.17;
T_0.1 ;
    %load/vec4 v0x153208ac0_0;
    %load/vec4 v0x153218a10_0;
    %add;
    %store/vec4 v0x153218ad0_0, 0, 32;
    %jmp T_0.17;
T_0.2 ;
    %load/vec4 v0x153208ac0_0;
    %load/vec4 v0x153218a10_0;
    %sub;
    %store/vec4 v0x153218ad0_0, 0, 32;
    %jmp T_0.17;
T_0.3 ;
    %load/vec4 v0x153208ac0_0;
    %load/vec4 v0x153218a10_0;
    %and;
    %store/vec4 v0x153218ad0_0, 0, 32;
    %jmp T_0.17;
T_0.4 ;
    %load/vec4 v0x153208ac0_0;
    %load/vec4 v0x153218a10_0;
    %or;
    %store/vec4 v0x153218ad0_0, 0, 32;
    %jmp T_0.17;
T_0.5 ;
    %load/vec4 v0x153208ac0_0;
    %load/vec4 v0x153218a10_0;
    %cmp/s;
    %flag_mov 8, 5;
    %jmp/0 T_0.18, 8;
    %pushi/vec4 1, 0, 32;
    %jmp/1 T_0.19, 8;
T_0.18 ; End of true expr.
    %pushi/vec4 0, 0, 32;
    %jmp/0 T_0.19, 8;
 ; End of false expr.
    %blend;
T_0.19;
    %store/vec4 v0x153218ad0_0, 0, 32;
    %jmp T_0.17;
T_0.6 ;
    %pushi/vec4 0, 0, 1;
    %load/vec4 v0x153208ac0_0;
    %concat/vec4; draw_concat_vec4
    %pushi/vec4 0, 0, 1;
    %load/vec4 v0x153218a10_0;
    %concat/vec4; draw_concat_vec4
    %cmp/u;
    %flag_mov 8, 5;
    %jmp/0 T_0.20, 8;
    %pushi/vec4 1, 0, 32;
    %jmp/1 T_0.21, 8;
T_0.20 ; End of true expr.
    %pushi/vec4 0, 0, 32;
    %jmp/0 T_0.21, 8;
 ; End of false expr.
    %blend;
T_0.21;
    %store/vec4 v0x153218ad0_0, 0, 32;
    %jmp T_0.17;
T_0.7 ;
    %load/vec4 v0x153208ac0_0;
    %load/vec4 v0x153218a10_0;
    %or;
    %inv;
    %store/vec4 v0x153218ad0_0, 0, 32;
    %jmp T_0.17;
T_0.8 ;
    %load/vec4 v0x153218a10_0;
    %load/vec4 v0x153208ac0_0;
    %ix/vec4 4;
    %shiftl 4;
    %store/vec4 v0x153218ad0_0, 0, 32;
    %jmp T_0.17;
T_0.9 ;
    %load/vec4 v0x153218a10_0;
    %load/vec4 v0x153208ac0_0;
    %ix/vec4 4;
    %shiftr 4;
    %store/vec4 v0x153218ad0_0, 0, 32;
    %jmp T_0.17;
T_0.10 ;
    %load/vec4 v0x153218a10_0;
    %ix/load 4, 16, 0;
    %flag_set/imm 4, 0;
    %shiftl 4;
    %store/vec4 v0x153218ad0_0, 0, 32;
    %jmp T_0.17;
T_0.11 ;
    %load/vec4 v0x153208ac0_0;
    %load/vec4 v0x153218a10_0;
    %xor;
    %store/vec4 v0x153218ad0_0, 0, 32;
    %jmp T_0.17;
T_0.12 ;
    %load/vec4 v0x153218a10_0;
    %load/vec4 v0x153208ac0_0;
    %ix/vec4 4;
    %shiftr/s 4;
    %store/vec4 v0x153218ad0_0, 0, 32;
    %jmp T_0.17;
T_0.13 ;
    %load/vec4 v0x153218a10_0;
    %load/vec4 v0x153208ac0_0;
    %parti/s 5, 0, 2;
    %ix/vec4 4;
    %shiftl 4;
    %store/vec4 v0x153218ad0_0, 0, 32;
    %jmp T_0.17;
T_0.14 ;
    %load/vec4 v0x153218a10_0;
    %load/vec4 v0x153208ac0_0;
    %parti/s 5, 0, 2;
    %ix/vec4 4;
    %shiftr 4;
    %store/vec4 v0x153218ad0_0, 0, 32;
    %jmp T_0.17;
T_0.15 ;
    %load/vec4 v0x153218a10_0;
    %load/vec4 v0x153208ac0_0;
    %parti/s 5, 0, 2;
    %ix/vec4 4;
    %shiftr/s 4;
    %store/vec4 v0x153218ad0_0, 0, 32;
    %jmp T_0.17;
T_0.17 ;
    %pop/vec4 1;
    %jmp T_0;
    .thread T_0, $push;
# The file index is used to find the file name in the following table.
:file_names 3;
    "N/A";
    "<interactive>";
    "alu.v";
